****2018/11/2 18:37:21****
###指定的 Include 路径无效。EntityType“ApplicationPlatform.DAL.UserInfo”未声明具有名称“MyFiles”的导航属性。
###EntityFramework
###Void ConvertSpanPath(SpanPathInfo, System.Collections.Generic.List`1[System.String], Int32)
###   在 System.Data.Entity.Core.Objects.Internal.ObjectFullSpanRewriter.ConvertSpanPath(SpanPathInfo parentInfo, List`1 navPropNames, Int32 pos)
   在 System.Data.Entity.Core.Objects.Internal.ObjectFullSpanRewriter.AddSpanPath(SpanPathInfo parentInfo, List`1 navPropNames)
   在 System.Data.Entity.Core.Objects.Internal.ObjectFullSpanRewriter..ctor(DbCommandTree tree, DbExpression toRewrite, Span span, AliasGenerator aliasGenerator)
   在 System.Data.Entity.Core.Objects.Internal.ObjectSpanRewriter.TryRewrite(DbQueryCommandTree tree, Span span, MergeOption mergeOption, AliasGenerator aliasGenerator, DbExpression& newQuery, SpanIndex& spanInfo)
   在 System.Data.Entity.Core.Objects.Internal.ObjectQueryExecutionPlanFactory.Prepare(ObjectContext context, DbQueryCommandTree tree, Type elementType, MergeOption mergeOption, Boolean streaming, Span span, IEnumerable`1 compiledQueryParameters, AliasGenerator aliasGenerator)
   在 System.Data.Entity.Core.Objects.ELinq.ELinqQueryState.GetExecutionPlan(Nullable`1 forMergeOption)
   在 System.Data.Entity.Core.Objects.ObjectQuery`1.<>c__DisplayClass3.<GetResults>b__2()
   在 System.Data.Entity.Core.Objects.ObjectContext.ExecuteInTransaction[T](Func`1 func, IDbExecutionStrategy executionStrategy, Boolean startLocalTransaction, Boolean releaseConnectionOnSuccess)
   在 System.Data.Entity.Core.Objects.ObjectQuery`1.<>c__DisplayClass3.<GetResults>b__1()
   在 System.Data.Entity.SqlServer.DefaultSqlExecutionStrategy.Execute[TResult](Func`1 operation)
   在 System.Data.Entity.Core.Objects.ObjectQuery`1.GetResults(Nullable`1 forMergeOption)
   在 System.Data.Entity.Core.Objects.ObjectQuery`1.<System.Collections.Generic.IEnumerable<T>.GetEnumerator>b__0()
   在 System.Data.Entity.Internal.LazyEnumerator`1.MoveNext()
   在 System.Linq.Enumerable.FirstOrDefault[TSource](IEnumerable`1 source)
   在 System.Data.Entity.Core.Objects.ELinq.ObjectQueryProvider.<GetElementFunction>b__1[TResult](IEnumerable`1 sequence)
   在 System.Data.Entity.Core.Objects.ELinq.ObjectQueryProvider.ExecuteSingle[TResult](IEnumerable`1 query, Expression queryRoot)
   在 System.Data.Entity.Core.Objects.ELinq.ObjectQueryProvider.System.Linq.IQueryProvider.Execute[TResult](Expression expression)
   在 System.Data.Entity.Internal.Linq.DbQueryProvider.Execute[TResult](Expression expression)
   在 System.Linq.Queryable.FirstOrDefault[TSource](IQueryable`1 source)
   在 ApplicationPlatform.Site.Controllers.PermissionController.GetFileTreeJson(Int32 userInfoId) 位置 d:\项目方案\ApplicationPlatform\ApplicationPlatform.Site\ApplicationPlatform.Site\Controllers\PermissionController.cs:行号 142
****2018/11/2 18:37:22****
###指定的 Include 路径无效。EntityType“ApplicationPlatform.DAL.UserInfo”未声明具有名称“MyFiles”的导航属性。
###EntityFramework
###Void ConvertSpanPath(SpanPathInfo, System.Collections.Generic.List`1[System.String], Int32)
###   在 System.Data.Entity.Core.Objects.Internal.ObjectFullSpanRewriter.ConvertSpanPath(SpanPathInfo parentInfo, List`1 navPropNames, Int32 pos)
   在 System.Data.Entity.Core.Objects.Internal.ObjectFullSpanRewriter.AddSpanPath(SpanPathInfo parentInfo, List`1 navPropNames)
   在 System.Data.Entity.Core.Objects.Internal.ObjectFullSpanRewriter..ctor(DbCommandTree tree, DbExpression toRewrite, Span span, AliasGenerator aliasGenerator)
   在 System.Data.Entity.Core.Objects.Internal.ObjectSpanRewriter.TryRewrite(DbQueryCommandTree tree, Span span, MergeOption mergeOption, AliasGenerator aliasGenerator, DbExpression& newQuery, SpanIndex& spanInfo)
   在 System.Data.Entity.Core.Objects.Internal.ObjectQueryExecutionPlanFactory.Prepare(ObjectContext context, DbQueryCommandTree tree, Type elementType, MergeOption mergeOption, Boolean streaming, Span span, IEnumerable`1 compiledQueryParameters, AliasGenerator aliasGenerator)
   在 System.Data.Entity.Core.Objects.ELinq.ELinqQueryState.GetExecutionPlan(Nullable`1 forMergeOption)
   在 System.Data.Entity.Core.Objects.ObjectQuery`1.<>c__DisplayClass3.<GetResults>b__2()
   在 System.Data.Entity.Core.Objects.ObjectContext.ExecuteInTransaction[T](Func`1 func, IDbExecutionStrategy executionStrategy, Boolean startLocalTransaction, Boolean releaseConnectionOnSuccess)
   在 System.Data.Entity.Core.Objects.ObjectQuery`1.<>c__DisplayClass3.<GetResults>b__1()
   在 System.Data.Entity.SqlServer.DefaultSqlExecutionStrategy.Execute[TResult](Func`1 operation)
   在 System.Data.Entity.Core.Objects.ObjectQuery`1.GetResults(Nullable`1 forMergeOption)
   在 System.Data.Entity.Core.Objects.ObjectQuery`1.<System.Collections.Generic.IEnumerable<T>.GetEnumerator>b__0()
   在 System.Data.Entity.Internal.LazyEnumerator`1.MoveNext()
   在 System.Linq.Enumerable.FirstOrDefault[TSource](IEnumerable`1 source)
   在 System.Data.Entity.Core.Objects.ELinq.ObjectQueryProvider.<GetElementFunction>b__1[TResult](IEnumerable`1 sequence)
   在 System.Data.Entity.Core.Objects.ELinq.ObjectQueryProvider.ExecuteSingle[TResult](IEnumerable`1 query, Expression queryRoot)
   在 System.Data.Entity.Core.Objects.ELinq.ObjectQueryProvider.System.Linq.IQueryProvider.Execute[TResult](Expression expression)
   在 System.Data.Entity.Internal.Linq.DbQueryProvider.Execute[TResult](Expression expression)
   在 System.Linq.Queryable.FirstOrDefault[TSource](IQueryable`1 source)
   在 ApplicationPlatform.Site.Controllers.PermissionController.GetFileTreeJson(Int32 userInfoId) 位置 d:\项目方案\ApplicationPlatform\ApplicationPlatform.Site\ApplicationPlatform.Site\Controllers\PermissionController.cs:行号 142
****2018/11/2 18:53:46****
###指定的 Include 路径无效。EntityType“ApplicationPlatform.DAL.UserInfo”未声明具有名称“MyFiles”的导航属性。
###EntityFramework
###Void ConvertSpanPath(SpanPathInfo, System.Collections.Generic.List`1[System.String], Int32)
###   在 System.Data.Entity.Core.Objects.Internal.ObjectFullSpanRewriter.ConvertSpanPath(SpanPathInfo parentInfo, List`1 navPropNames, Int32 pos)
   在 System.Data.Entity.Core.Objects.Internal.ObjectFullSpanRewriter.AddSpanPath(SpanPathInfo parentInfo, List`1 navPropNames)
   在 System.Data.Entity.Core.Objects.Internal.ObjectFullSpanRewriter..ctor(DbCommandTree tree, DbExpression toRewrite, Span span, AliasGenerator aliasGenerator)
   在 System.Data.Entity.Core.Objects.Internal.ObjectSpanRewriter.TryRewrite(DbQueryCommandTree tree, Span span, MergeOption mergeOption, AliasGenerator aliasGenerator, DbExpression& newQuery, SpanIndex& spanInfo)
   在 System.Data.Entity.Core.Objects.Internal.ObjectQueryExecutionPlanFactory.Prepare(ObjectContext context, DbQueryCommandTree tree, Type elementType, MergeOption mergeOption, Boolean streaming, Span span, IEnumerable`1 compiledQueryParameters, AliasGenerator aliasGenerator)
   在 System.Data.Entity.Core.Objects.ELinq.ELinqQueryState.GetExecutionPlan(Nullable`1 forMergeOption)
   在 System.Data.Entity.Core.Objects.ObjectQuery`1.<>c__DisplayClass3.<GetResults>b__2()
   在 System.Data.Entity.Core.Objects.ObjectContext.ExecuteInTransaction[T](Func`1 func, IDbExecutionStrategy executionStrategy, Boolean startLocalTransaction, Boolean releaseConnectionOnSuccess)
   在 System.Data.Entity.Core.Objects.ObjectQuery`1.<>c__DisplayClass3.<GetResults>b__1()
   在 System.Data.Entity.SqlServer.DefaultSqlExecutionStrategy.Execute[TResult](Func`1 operation)
   在 System.Data.Entity.Core.Objects.ObjectQuery`1.GetResults(Nullable`1 forMergeOption)
   在 System.Data.Entity.Core.Objects.ObjectQuery`1.<System.Collections.Generic.IEnumerable<T>.GetEnumerator>b__0()
   在 System.Data.Entity.Internal.LazyEnumerator`1.MoveNext()
   在 System.Linq.Enumerable.FirstOrDefault[TSource](IEnumerable`1 source)
   在 System.Data.Entity.Core.Objects.ELinq.ObjectQueryProvider.<GetElementFunction>b__1[TResult](IEnumerable`1 sequence)
   在 System.Data.Entity.Core.Objects.ELinq.ObjectQueryProvider.ExecuteSingle[TResult](IEnumerable`1 query, Expression queryRoot)
   在 System.Data.Entity.Core.Objects.ELinq.ObjectQueryProvider.System.Linq.IQueryProvider.Execute[TResult](Expression expression)
   在 System.Data.Entity.Internal.Linq.DbQueryProvider.Execute[TResult](Expression expression)
   在 System.Linq.Queryable.FirstOrDefault[TSource](IQueryable`1 source)
   在 ApplicationPlatform.Site.Controllers.PermissionController.GetFileTreeJson(Int32 userInfoId) 位置 d:\项目方案\ApplicationPlatform\ApplicationPlatform.Site\ApplicationPlatform.Site\Controllers\PermissionController.cs:行号 142
****2018/11/2 18:53:47****
###指定的 Include 路径无效。EntityType“ApplicationPlatform.DAL.UserInfo”未声明具有名称“MyFiles”的导航属性。
###EntityFramework
###Void ConvertSpanPath(SpanPathInfo, System.Collections.Generic.List`1[System.String], Int32)
###   在 System.Data.Entity.Core.Objects.Internal.ObjectFullSpanRewriter.ConvertSpanPath(SpanPathInfo parentInfo, List`1 navPropNames, Int32 pos)
   在 System.Data.Entity.Core.Objects.Internal.ObjectFullSpanRewriter.AddSpanPath(SpanPathInfo parentInfo, List`1 navPropNames)
   在 System.Data.Entity.Core.Objects.Internal.ObjectFullSpanRewriter..ctor(DbCommandTree tree, DbExpression toRewrite, Span span, AliasGenerator aliasGenerator)
   在 System.Data.Entity.Core.Objects.Internal.ObjectSpanRewriter.TryRewrite(DbQueryCommandTree tree, Span span, MergeOption mergeOption, AliasGenerator aliasGenerator, DbExpression& newQuery, SpanIndex& spanInfo)
   在 System.Data.Entity.Core.Objects.Internal.ObjectQueryExecutionPlanFactory.Prepare(ObjectContext context, DbQueryCommandTree tree, Type elementType, MergeOption mergeOption, Boolean streaming, Span span, IEnumerable`1 compiledQueryParameters, AliasGenerator aliasGenerator)
   在 System.Data.Entity.Core.Objects.ELinq.ELinqQueryState.GetExecutionPlan(Nullable`1 forMergeOption)
   在 System.Data.Entity.Core.Objects.ObjectQuery`1.<>c__DisplayClass3.<GetResults>b__2()
   在 System.Data.Entity.Core.Objects.ObjectContext.ExecuteInTransaction[T](Func`1 func, IDbExecutionStrategy executionStrategy, Boolean startLocalTransaction, Boolean releaseConnectionOnSuccess)
   在 System.Data.Entity.Core.Objects.ObjectQuery`1.<>c__DisplayClass3.<GetResults>b__1()
   在 System.Data.Entity.SqlServer.DefaultSqlExecutionStrategy.Execute[TResult](Func`1 operation)
   在 System.Data.Entity.Core.Objects.ObjectQuery`1.GetResults(Nullable`1 forMergeOption)
   在 System.Data.Entity.Core.Objects.ObjectQuery`1.<System.Collections.Generic.IEnumerable<T>.GetEnumerator>b__0()
   在 System.Data.Entity.Internal.LazyEnumerator`1.MoveNext()
   在 System.Linq.Enumerable.FirstOrDefault[TSource](IEnumerable`1 source)
   在 System.Data.Entity.Core.Objects.ELinq.ObjectQueryProvider.<GetElementFunction>b__1[TResult](IEnumerable`1 sequence)
   在 System.Data.Entity.Core.Objects.ELinq.ObjectQueryProvider.ExecuteSingle[TResult](IEnumerable`1 query, Expression queryRoot)
   在 System.Data.Entity.Core.Objects.ELinq.ObjectQueryProvider.System.Linq.IQueryProvider.Execute[TResult](Expression expression)
   在 System.Data.Entity.Internal.Linq.DbQueryProvider.Execute[TResult](Expression expression)
   在 System.Linq.Queryable.FirstOrDefault[TSource](IQueryable`1 source)
   在 ApplicationPlatform.Site.Controllers.PermissionController.GetFileTreeJson(Int32 userInfoId) 位置 d:\项目方案\ApplicationPlatform\ApplicationPlatform.Site\ApplicationPlatform.Site\Controllers\PermissionController.cs:行号 142
****2018/11/2 18:54:53****
###指定的 Include 路径无效。EntityType“ApplicationPlatform.DAL.UserInfo”未声明具有名称“MyFiles”的导航属性。
###EntityFramework
###Void ConvertSpanPath(SpanPathInfo, System.Collections.Generic.List`1[System.String], Int32)
###   在 System.Data.Entity.Core.Objects.Internal.ObjectFullSpanRewriter.ConvertSpanPath(SpanPathInfo parentInfo, List`1 navPropNames, Int32 pos)
   在 System.Data.Entity.Core.Objects.Internal.ObjectFullSpanRewriter.AddSpanPath(SpanPathInfo parentInfo, List`1 navPropNames)
   在 System.Data.Entity.Core.Objects.Internal.ObjectFullSpanRewriter..ctor(DbCommandTree tree, DbExpression toRewrite, Span span, AliasGenerator aliasGenerator)
   在 System.Data.Entity.Core.Objects.Internal.ObjectSpanRewriter.TryRewrite(DbQueryCommandTree tree, Span span, MergeOption mergeOption, AliasGenerator aliasGenerator, DbExpression& newQuery, SpanIndex& spanInfo)
   在 System.Data.Entity.Core.Objects.Internal.ObjectQueryExecutionPlanFactory.Prepare(ObjectContext context, DbQueryCommandTree tree, Type elementType, MergeOption mergeOption, Boolean streaming, Span span, IEnumerable`1 compiledQueryParameters, AliasGenerator aliasGenerator)
   在 System.Data.Entity.Core.Objects.ELinq.ELinqQueryState.GetExecutionPlan(Nullable`1 forMergeOption)
   在 System.Data.Entity.Core.Objects.ObjectQuery`1.<>c__DisplayClass3.<GetResults>b__2()
   在 System.Data.Entity.Core.Objects.ObjectContext.ExecuteInTransaction[T](Func`1 func, IDbExecutionStrategy executionStrategy, Boolean startLocalTransaction, Boolean releaseConnectionOnSuccess)
   在 System.Data.Entity.Core.Objects.ObjectQuery`1.<>c__DisplayClass3.<GetResults>b__1()
   在 System.Data.Entity.SqlServer.DefaultSqlExecutionStrategy.Execute[TResult](Func`1 operation)
   在 System.Data.Entity.Core.Objects.ObjectQuery`1.GetResults(Nullable`1 forMergeOption)
   在 System.Data.Entity.Core.Objects.ObjectQuery`1.<System.Collections.Generic.IEnumerable<T>.GetEnumerator>b__0()
   在 System.Data.Entity.Internal.LazyEnumerator`1.MoveNext()
   在 System.Linq.Enumerable.FirstOrDefault[TSource](IEnumerable`1 source)
   在 System.Data.Entity.Core.Objects.ELinq.ObjectQueryProvider.<GetElementFunction>b__1[TResult](IEnumerable`1 sequence)
   在 System.Data.Entity.Core.Objects.ELinq.ObjectQueryProvider.ExecuteSingle[TResult](IEnumerable`1 query, Expression queryRoot)
   在 System.Data.Entity.Core.Objects.ELinq.ObjectQueryProvider.System.Linq.IQueryProvider.Execute[TResult](Expression expression)
   在 System.Data.Entity.Internal.Linq.DbQueryProvider.Execute[TResult](Expression expression)
   在 System.Linq.Queryable.FirstOrDefault[TSource](IQueryable`1 source)
   在 ApplicationPlatform.Site.Controllers.PermissionController.GetFileTreeJson(Int32 userInfoId) 位置 d:\项目方案\ApplicationPlatform\ApplicationPlatform.Site\ApplicationPlatform.Site\Controllers\PermissionController.cs:行号 142
****2018/11/2 18:54:54****
###指定的 Include 路径无效。EntityType“ApplicationPlatform.DAL.UserInfo”未声明具有名称“MyFiles”的导航属性。
###EntityFramework
###Void ConvertSpanPath(SpanPathInfo, System.Collections.Generic.List`1[System.String], Int32)
###   在 System.Data.Entity.Core.Objects.Internal.ObjectFullSpanRewriter.ConvertSpanPath(SpanPathInfo parentInfo, List`1 navPropNames, Int32 pos)
   在 System.Data.Entity.Core.Objects.Internal.ObjectFullSpanRewriter.AddSpanPath(SpanPathInfo parentInfo, List`1 navPropNames)
   在 System.Data.Entity.Core.Objects.Internal.ObjectFullSpanRewriter..ctor(DbCommandTree tree, DbExpression toRewrite, Span span, AliasGenerator aliasGenerator)
   在 System.Data.Entity.Core.Objects.Internal.ObjectSpanRewriter.TryRewrite(DbQueryCommandTree tree, Span span, MergeOption mergeOption, AliasGenerator aliasGenerator, DbExpression& newQuery, SpanIndex& spanInfo)
   在 System.Data.Entity.Core.Objects.Internal.ObjectQueryExecutionPlanFactory.Prepare(ObjectContext context, DbQueryCommandTree tree, Type elementType, MergeOption mergeOption, Boolean streaming, Span span, IEnumerable`1 compiledQueryParameters, AliasGenerator aliasGenerator)
   在 System.Data.Entity.Core.Objects.ELinq.ELinqQueryState.GetExecutionPlan(Nullable`1 forMergeOption)
   在 System.Data.Entity.Core.Objects.ObjectQuery`1.<>c__DisplayClass3.<GetResults>b__2()
   在 System.Data.Entity.Core.Objects.ObjectContext.ExecuteInTransaction[T](Func`1 func, IDbExecutionStrategy executionStrategy, Boolean startLocalTransaction, Boolean releaseConnectionOnSuccess)
   在 System.Data.Entity.Core.Objects.ObjectQuery`1.<>c__DisplayClass3.<GetResults>b__1()
   在 System.Data.Entity.SqlServer.DefaultSqlExecutionStrategy.Execute[TResult](Func`1 operation)
   在 System.Data.Entity.Core.Objects.ObjectQuery`1.GetResults(Nullable`1 forMergeOption)
   在 System.Data.Entity.Core.Objects.ObjectQuery`1.<System.Collections.Generic.IEnumerable<T>.GetEnumerator>b__0()
   在 System.Data.Entity.Internal.LazyEnumerator`1.MoveNext()
   在 System.Linq.Enumerable.FirstOrDefault[TSource](IEnumerable`1 source)
   在 System.Data.Entity.Core.Objects.ELinq.ObjectQueryProvider.<GetElementFunction>b__1[TResult](IEnumerable`1 sequence)
   在 System.Data.Entity.Core.Objects.ELinq.ObjectQueryProvider.ExecuteSingle[TResult](IEnumerable`1 query, Expression queryRoot)
   在 System.Data.Entity.Core.Objects.ELinq.ObjectQueryProvider.System.Linq.IQueryProvider.Execute[TResult](Expression expression)
   在 System.Data.Entity.Internal.Linq.DbQueryProvider.Execute[TResult](Expression expression)
   在 System.Linq.Queryable.FirstOrDefault[TSource](IQueryable`1 source)
   在 ApplicationPlatform.Site.Controllers.PermissionController.GetFileTreeJson(Int32 userInfoId) 位置 d:\项目方案\ApplicationPlatform\ApplicationPlatform.Site\ApplicationPlatform.Site\Controllers\PermissionController.cs:行号 142
****2018/11/2 18:55:52****
###指定的 Include 路径无效。EntityType“ApplicationPlatform.DAL.UserInfo”未声明具有名称“MyFiles”的导航属性。
###EntityFramework
###Void ConvertSpanPath(SpanPathInfo, System.Collections.Generic.List`1[System.String], Int32)
###   在 System.Data.Entity.Core.Objects.Internal.ObjectFullSpanRewriter.ConvertSpanPath(SpanPathInfo parentInfo, List`1 navPropNames, Int32 pos)
   在 System.Data.Entity.Core.Objects.Internal.ObjectFullSpanRewriter.AddSpanPath(SpanPathInfo parentInfo, List`1 navPropNames)
   在 System.Data.Entity.Core.Objects.Internal.ObjectFullSpanRewriter..ctor(DbCommandTree tree, DbExpression toRewrite, Span span, AliasGenerator aliasGenerator)
   在 System.Data.Entity.Core.Objects.Internal.ObjectSpanRewriter.TryRewrite(DbQueryCommandTree tree, Span span, MergeOption mergeOption, AliasGenerator aliasGenerator, DbExpression& newQuery, SpanIndex& spanInfo)
   在 System.Data.Entity.Core.Objects.Internal.ObjectQueryExecutionPlanFactory.Prepare(ObjectContext context, DbQueryCommandTree tree, Type elementType, MergeOption mergeOption, Boolean streaming, Span span, IEnumerable`1 compiledQueryParameters, AliasGenerator aliasGenerator)
   在 System.Data.Entity.Core.Objects.ELinq.ELinqQueryState.GetExecutionPlan(Nullable`1 forMergeOption)
   在 System.Data.Entity.Core.Objects.ObjectQuery`1.<>c__DisplayClass3.<GetResults>b__2()
   在 System.Data.Entity.Core.Objects.ObjectContext.ExecuteInTransaction[T](Func`1 func, IDbExecutionStrategy executionStrategy, Boolean startLocalTransaction, Boolean releaseConnectionOnSuccess)
   在 System.Data.Entity.Core.Objects.ObjectQuery`1.<>c__DisplayClass3.<GetResults>b__1()
   在 System.Data.Entity.SqlServer.DefaultSqlExecutionStrategy.Execute[TResult](Func`1 operation)
   在 System.Data.Entity.Core.Objects.ObjectQuery`1.GetResults(Nullable`1 forMergeOption)
   在 System.Data.Entity.Core.Objects.ObjectQuery`1.<System.Collections.Generic.IEnumerable<T>.GetEnumerator>b__0()
   在 System.Data.Entity.Internal.LazyEnumerator`1.MoveNext()
   在 System.Linq.Enumerable.FirstOrDefault[TSource](IEnumerable`1 source)
   在 System.Data.Entity.Core.Objects.ELinq.ObjectQueryProvider.<GetElementFunction>b__1[TResult](IEnumerable`1 sequence)
   在 System.Data.Entity.Core.Objects.ELinq.ObjectQueryProvider.ExecuteSingle[TResult](IEnumerable`1 query, Expression queryRoot)
   在 System.Data.Entity.Core.Objects.ELinq.ObjectQueryProvider.System.Linq.IQueryProvider.Execute[TResult](Expression expression)
   在 System.Data.Entity.Internal.Linq.DbQueryProvider.Execute[TResult](Expression expression)
   在 System.Linq.Queryable.FirstOrDefault[TSource](IQueryable`1 source)
   在 ApplicationPlatform.Site.Controllers.PermissionController.GetFileTreeJson(Int32 userInfoId) 位置 d:\项目方案\ApplicationPlatform\ApplicationPlatform.Site\ApplicationPlatform.Site\Controllers\PermissionController.cs:行号 142
****2018/11/2 18:55:53****
###指定的 Include 路径无效。EntityType“ApplicationPlatform.DAL.UserInfo”未声明具有名称“MyFiles”的导航属性。
###EntityFramework
###Void ConvertSpanPath(SpanPathInfo, System.Collections.Generic.List`1[System.String], Int32)
###   在 System.Data.Entity.Core.Objects.Internal.ObjectFullSpanRewriter.ConvertSpanPath(SpanPathInfo parentInfo, List`1 navPropNames, Int32 pos)
   在 System.Data.Entity.Core.Objects.Internal.ObjectFullSpanRewriter.AddSpanPath(SpanPathInfo parentInfo, List`1 navPropNames)
   在 System.Data.Entity.Core.Objects.Internal.ObjectFullSpanRewriter..ctor(DbCommandTree tree, DbExpression toRewrite, Span span, AliasGenerator aliasGenerator)
   在 System.Data.Entity.Core.Objects.Internal.ObjectSpanRewriter.TryRewrite(DbQueryCommandTree tree, Span span, MergeOption mergeOption, AliasGenerator aliasGenerator, DbExpression& newQuery, SpanIndex& spanInfo)
   在 System.Data.Entity.Core.Objects.Internal.ObjectQueryExecutionPlanFactory.Prepare(ObjectContext context, DbQueryCommandTree tree, Type elementType, MergeOption mergeOption, Boolean streaming, Span span, IEnumerable`1 compiledQueryParameters, AliasGenerator aliasGenerator)
   在 System.Data.Entity.Core.Objects.ELinq.ELinqQueryState.GetExecutionPlan(Nullable`1 forMergeOption)
   在 System.Data.Entity.Core.Objects.ObjectQuery`1.<>c__DisplayClass3.<GetResults>b__2()
   在 System.Data.Entity.Core.Objects.ObjectContext.ExecuteInTransaction[T](Func`1 func, IDbExecutionStrategy executionStrategy, Boolean startLocalTransaction, Boolean releaseConnectionOnSuccess)
   在 System.Data.Entity.Core.Objects.ObjectQuery`1.<>c__DisplayClass3.<GetResults>b__1()
   在 System.Data.Entity.SqlServer.DefaultSqlExecutionStrategy.Execute[TResult](Func`1 operation)
   在 System.Data.Entity.Core.Objects.ObjectQuery`1.GetResults(Nullable`1 forMergeOption)
   在 System.Data.Entity.Core.Objects.ObjectQuery`1.<System.Collections.Generic.IEnumerable<T>.GetEnumerator>b__0()
   在 System.Data.Entity.Internal.LazyEnumerator`1.MoveNext()
   在 System.Linq.Enumerable.FirstOrDefault[TSource](IEnumerable`1 source)
   在 System.Data.Entity.Core.Objects.ELinq.ObjectQueryProvider.<GetElementFunction>b__1[TResult](IEnumerable`1 sequence)
   在 System.Data.Entity.Core.Objects.ELinq.ObjectQueryProvider.ExecuteSingle[TResult](IEnumerable`1 query, Expression queryRoot)
   在 System.Data.Entity.Core.Objects.ELinq.ObjectQueryProvider.System.Linq.IQueryProvider.Execute[TResult](Expression expression)
   在 System.Data.Entity.Internal.Linq.DbQueryProvider.Execute[TResult](Expression expression)
   在 System.Linq.Queryable.FirstOrDefault[TSource](IQueryable`1 source)
   在 ApplicationPlatform.Site.Controllers.PermissionController.GetFileTreeJson(Int32 userInfoId) 位置 d:\项目方案\ApplicationPlatform\ApplicationPlatform.Site\ApplicationPlatform.Site\Controllers\PermissionController.cs:行号 142
****2018/11/2 19:08:36****
###指定的 Include 路径无效。EntityType“ApplicationPlatform.DAL.UserInfo”未声明具有名称“MyFiles”的导航属性。
###EntityFramework
###Void ConvertSpanPath(SpanPathInfo, System.Collections.Generic.List`1[System.String], Int32)
###   在 System.Data.Entity.Core.Objects.Internal.ObjectFullSpanRewriter.ConvertSpanPath(SpanPathInfo parentInfo, List`1 navPropNames, Int32 pos)
   在 System.Data.Entity.Core.Objects.Internal.ObjectFullSpanRewriter.AddSpanPath(SpanPathInfo parentInfo, List`1 navPropNames)
   在 System.Data.Entity.Core.Objects.Internal.ObjectFullSpanRewriter..ctor(DbCommandTree tree, DbExpression toRewrite, Span span, AliasGenerator aliasGenerator)
   在 System.Data.Entity.Core.Objects.Internal.ObjectSpanRewriter.TryRewrite(DbQueryCommandTree tree, Span span, MergeOption mergeOption, AliasGenerator aliasGenerator, DbExpression& newQuery, SpanIndex& spanInfo)
   在 System.Data.Entity.Core.Objects.Internal.ObjectQueryExecutionPlanFactory.Prepare(ObjectContext context, DbQueryCommandTree tree, Type elementType, MergeOption mergeOption, Boolean streaming, Span span, IEnumerable`1 compiledQueryParameters, AliasGenerator aliasGenerator)
   在 System.Data.Entity.Core.Objects.ELinq.ELinqQueryState.GetExecutionPlan(Nullable`1 forMergeOption)
   在 System.Data.Entity.Core.Objects.ObjectQuery`1.<>c__DisplayClass3.<GetResults>b__2()
   在 System.Data.Entity.Core.Objects.ObjectContext.ExecuteInTransaction[T](Func`1 func, IDbExecutionStrategy executionStrategy, Boolean startLocalTransaction, Boolean releaseConnectionOnSuccess)
   在 System.Data.Entity.Core.Objects.ObjectQuery`1.<>c__DisplayClass3.<GetResults>b__1()
   在 System.Data.Entity.SqlServer.DefaultSqlExecutionStrategy.Execute[TResult](Func`1 operation)
   在 System.Data.Entity.Core.Objects.ObjectQuery`1.GetResults(Nullable`1 forMergeOption)
   在 System.Data.Entity.Core.Objects.ObjectQuery`1.<System.Collections.Generic.IEnumerable<T>.GetEnumerator>b__0()
   在 System.Data.Entity.Internal.LazyEnumerator`1.MoveNext()
   在 System.Linq.Enumerable.FirstOrDefault[TSource](IEnumerable`1 source)
   在 System.Data.Entity.Core.Objects.ELinq.ObjectQueryProvider.<GetElementFunction>b__1[TResult](IEnumerable`1 sequence)
   在 System.Data.Entity.Core.Objects.ELinq.ObjectQueryProvider.ExecuteSingle[TResult](IEnumerable`1 query, Expression queryRoot)
   在 System.Data.Entity.Core.Objects.ELinq.ObjectQueryProvider.System.Linq.IQueryProvider.Execute[TResult](Expression expression)
   在 System.Data.Entity.Internal.Linq.DbQueryProvider.Execute[TResult](Expression expression)
   在 System.Linq.Queryable.FirstOrDefault[TSource](IQueryable`1 source)
   在 ApplicationPlatform.Site.Controllers.PermissionController.GetFileTreeJson(Int32 userInfoId) 位置 d:\项目方案\ApplicationPlatform\ApplicationPlatform.Site\ApplicationPlatform.Site\Controllers\PermissionController.cs:行号 142
****2018/11/2 19:08:39****
###指定的 Include 路径无效。EntityType“ApplicationPlatform.DAL.UserInfo”未声明具有名称“MyFiles”的导航属性。
###EntityFramework
###Void ConvertSpanPath(SpanPathInfo, System.Collections.Generic.List`1[System.String], Int32)
###   在 System.Data.Entity.Core.Objects.Internal.ObjectFullSpanRewriter.ConvertSpanPath(SpanPathInfo parentInfo, List`1 navPropNames, Int32 pos)
   在 System.Data.Entity.Core.Objects.Internal.ObjectFullSpanRewriter.AddSpanPath(SpanPathInfo parentInfo, List`1 navPropNames)
   在 System.Data.Entity.Core.Objects.Internal.ObjectFullSpanRewriter..ctor(DbCommandTree tree, DbExpression toRewrite, Span span, AliasGenerator aliasGenerator)
   在 System.Data.Entity.Core.Objects.Internal.ObjectSpanRewriter.TryRewrite(DbQueryCommandTree tree, Span span, MergeOption mergeOption, AliasGenerator aliasGenerator, DbExpression& newQuery, SpanIndex& spanInfo)
   在 System.Data.Entity.Core.Objects.Internal.ObjectQueryExecutionPlanFactory.Prepare(ObjectContext context, DbQueryCommandTree tree, Type elementType, MergeOption mergeOption, Boolean streaming, Span span, IEnumerable`1 compiledQueryParameters, AliasGenerator aliasGenerator)
   在 System.Data.Entity.Core.Objects.ELinq.ELinqQueryState.GetExecutionPlan(Nullable`1 forMergeOption)
   在 System.Data.Entity.Core.Objects.ObjectQuery`1.<>c__DisplayClass3.<GetResults>b__2()
   在 System.Data.Entity.Core.Objects.ObjectContext.ExecuteInTransaction[T](Func`1 func, IDbExecutionStrategy executionStrategy, Boolean startLocalTransaction, Boolean releaseConnectionOnSuccess)
   在 System.Data.Entity.Core.Objects.ObjectQuery`1.<>c__DisplayClass3.<GetResults>b__1()
   在 System.Data.Entity.SqlServer.DefaultSqlExecutionStrategy.Execute[TResult](Func`1 operation)
   在 System.Data.Entity.Core.Objects.ObjectQuery`1.GetResults(Nullable`1 forMergeOption)
   在 System.Data.Entity.Core.Objects.ObjectQuery`1.<System.Collections.Generic.IEnumerable<T>.GetEnumerator>b__0()
   在 System.Data.Entity.Internal.LazyEnumerator`1.MoveNext()
   在 System.Linq.Enumerable.FirstOrDefault[TSource](IEnumerable`1 source)
   在 System.Data.Entity.Core.Objects.ELinq.ObjectQueryProvider.<GetElementFunction>b__1[TResult](IEnumerable`1 sequence)
   在 System.Data.Entity.Core.Objects.ELinq.ObjectQueryProvider.ExecuteSingle[TResult](IEnumerable`1 query, Expression queryRoot)
   在 System.Data.Entity.Core.Objects.ELinq.ObjectQueryProvider.System.Linq.IQueryProvider.Execute[TResult](Expression expression)
   在 System.Data.Entity.Internal.Linq.DbQueryProvider.Execute[TResult](Expression expression)
   在 System.Linq.Queryable.FirstOrDefault[TSource](IQueryable`1 source)
   在 ApplicationPlatform.Site.Controllers.PermissionController.GetFileTreeJson(Int32 userInfoId) 位置 d:\项目方案\ApplicationPlatform\ApplicationPlatform.Site\ApplicationPlatform.Site\Controllers\PermissionController.cs:行号 142
****2018/11/2 19:18:10****
###指定的 Include 路径无效。EntityType“ApplicationPlatform.DAL.UserInfo”未声明具有名称“MyFiles”的导航属性。
###EntityFramework
###Void ConvertSpanPath(SpanPathInfo, System.Collections.Generic.List`1[System.String], Int32)
###   在 System.Data.Entity.Core.Objects.Internal.ObjectFullSpanRewriter.ConvertSpanPath(SpanPathInfo parentInfo, List`1 navPropNames, Int32 pos)
   在 System.Data.Entity.Core.Objects.Internal.ObjectFullSpanRewriter.AddSpanPath(SpanPathInfo parentInfo, List`1 navPropNames)
   在 System.Data.Entity.Core.Objects.Internal.ObjectFullSpanRewriter..ctor(DbCommandTree tree, DbExpression toRewrite, Span span, AliasGenerator aliasGenerator)
   在 System.Data.Entity.Core.Objects.Internal.ObjectSpanRewriter.TryRewrite(DbQueryCommandTree tree, Span span, MergeOption mergeOption, AliasGenerator aliasGenerator, DbExpression& newQuery, SpanIndex& spanInfo)
   在 System.Data.Entity.Core.Objects.Internal.ObjectQueryExecutionPlanFactory.Prepare(ObjectContext context, DbQueryCommandTree tree, Type elementType, MergeOption mergeOption, Boolean streaming, Span span, IEnumerable`1 compiledQueryParameters, AliasGenerator aliasGenerator)
   在 System.Data.Entity.Core.Objects.ELinq.ELinqQueryState.GetExecutionPlan(Nullable`1 forMergeOption)
   在 System.Data.Entity.Core.Objects.ObjectQuery`1.<>c__DisplayClass3.<GetResults>b__2()
   在 System.Data.Entity.Core.Objects.ObjectContext.ExecuteInTransaction[T](Func`1 func, IDbExecutionStrategy executionStrategy, Boolean startLocalTransaction, Boolean releaseConnectionOnSuccess)
   在 System.Data.Entity.Core.Objects.ObjectQuery`1.<>c__DisplayClass3.<GetResults>b__1()
   在 System.Data.Entity.SqlServer.DefaultSqlExecutionStrategy.Execute[TResult](Func`1 operation)
   在 System.Data.Entity.Core.Objects.ObjectQuery`1.GetResults(Nullable`1 forMergeOption)
   在 System.Data.Entity.Core.Objects.ObjectQuery`1.<System.Collections.Generic.IEnumerable<T>.GetEnumerator>b__0()
   在 System.Data.Entity.Internal.LazyEnumerator`1.MoveNext()
   在 System.Linq.Enumerable.FirstOrDefault[TSource](IEnumerable`1 source)
   在 System.Data.Entity.Core.Objects.ELinq.ObjectQueryProvider.<GetElementFunction>b__1[TResult](IEnumerable`1 sequence)
   在 System.Data.Entity.Core.Objects.ELinq.ObjectQueryProvider.ExecuteSingle[TResult](IEnumerable`1 query, Expression queryRoot)
   在 System.Data.Entity.Core.Objects.ELinq.ObjectQueryProvider.System.Linq.IQueryProvider.Execute[TResult](Expression expression)
   在 System.Data.Entity.Internal.Linq.DbQueryProvider.Execute[TResult](Expression expression)
   在 System.Linq.Queryable.FirstOrDefault[TSource](IQueryable`1 source)
   在 ApplicationPlatform.Site.Controllers.PermissionController.GetFileTreeJson(Int32 userInfoId) 位置 d:\项目方案\ApplicationPlatform\ApplicationPlatform.Site\ApplicationPlatform.Site\Controllers\PermissionController.cs:行号 142
****2018/11/2 19:18:13****
###指定的 Include 路径无效。EntityType“ApplicationPlatform.DAL.UserInfo”未声明具有名称“MyFiles”的导航属性。
###EntityFramework
###Void ConvertSpanPath(SpanPathInfo, System.Collections.Generic.List`1[System.String], Int32)
###   在 System.Data.Entity.Core.Objects.Internal.ObjectFullSpanRewriter.ConvertSpanPath(SpanPathInfo parentInfo, List`1 navPropNames, Int32 pos)
   在 System.Data.Entity.Core.Objects.Internal.ObjectFullSpanRewriter.AddSpanPath(SpanPathInfo parentInfo, List`1 navPropNames)
   在 System.Data.Entity.Core.Objects.Internal.ObjectFullSpanRewriter..ctor(DbCommandTree tree, DbExpression toRewrite, Span span, AliasGenerator aliasGenerator)
   在 System.Data.Entity.Core.Objects.Internal.ObjectSpanRewriter.TryRewrite(DbQueryCommandTree tree, Span span, MergeOption mergeOption, AliasGenerator aliasGenerator, DbExpression& newQuery, SpanIndex& spanInfo)
   在 System.Data.Entity.Core.Objects.Internal.ObjectQueryExecutionPlanFactory.Prepare(ObjectContext context, DbQueryCommandTree tree, Type elementType, MergeOption mergeOption, Boolean streaming, Span span, IEnumerable`1 compiledQueryParameters, AliasGenerator aliasGenerator)
   在 System.Data.Entity.Core.Objects.ELinq.ELinqQueryState.GetExecutionPlan(Nullable`1 forMergeOption)
   在 System.Data.Entity.Core.Objects.ObjectQuery`1.<>c__DisplayClass3.<GetResults>b__2()
   在 System.Data.Entity.Core.Objects.ObjectContext.ExecuteInTransaction[T](Func`1 func, IDbExecutionStrategy executionStrategy, Boolean startLocalTransaction, Boolean releaseConnectionOnSuccess)
   在 System.Data.Entity.Core.Objects.ObjectQuery`1.<>c__DisplayClass3.<GetResults>b__1()
   在 System.Data.Entity.SqlServer.DefaultSqlExecutionStrategy.Execute[TResult](Func`1 operation)
   在 System.Data.Entity.Core.Objects.ObjectQuery`1.GetResults(Nullable`1 forMergeOption)
   在 System.Data.Entity.Core.Objects.ObjectQuery`1.<System.Collections.Generic.IEnumerable<T>.GetEnumerator>b__0()
   在 System.Data.Entity.Internal.LazyEnumerator`1.MoveNext()
   在 System.Linq.Enumerable.FirstOrDefault[TSource](IEnumerable`1 source)
   在 System.Data.Entity.Core.Objects.ELinq.ObjectQueryProvider.<GetElementFunction>b__1[TResult](IEnumerable`1 sequence)
   在 System.Data.Entity.Core.Objects.ELinq.ObjectQueryProvider.ExecuteSingle[TResult](IEnumerable`1 query, Expression queryRoot)
   在 System.Data.Entity.Core.Objects.ELinq.ObjectQueryProvider.System.Linq.IQueryProvider.Execute[TResult](Expression expression)
   在 System.Data.Entity.Internal.Linq.DbQueryProvider.Execute[TResult](Expression expression)
   在 System.Linq.Queryable.FirstOrDefault[TSource](IQueryable`1 source)
   在 ApplicationPlatform.Site.Controllers.PermissionController.GetFileTreeJson(Int32 userInfoId) 位置 d:\项目方案\ApplicationPlatform\ApplicationPlatform.Site\ApplicationPlatform.Site\Controllers\PermissionController.cs:行号 142
****2018/11/2 19:55:03****
###值不能为 null。
参数名: s
###mscorlib
###Void .ctor(System.String)
###   在 System.IO.StringReader..ctor(String s)
   在 Newtonsoft.Json.Linq.JObject.Parse(String json)
   在 ApplicationPlatform.Site.Controllers.PermissionController.Save() 位置 d:\项目方案\ApplicationPlatform\ApplicationPlatform.Site\ApplicationPlatform.Site\Controllers\PermissionController.cs:行号 90
****2018/11/2 19:55:17****
###值不能为 null。
参数名: s
###mscorlib
###Void .ctor(System.String)
###   在 System.IO.StringReader..ctor(String s)
   在 Newtonsoft.Json.Linq.JObject.Parse(String json)
   在 ApplicationPlatform.Site.Controllers.PermissionController.Save() 位置 d:\项目方案\ApplicationPlatform\ApplicationPlatform.Site\ApplicationPlatform.Site\Controllers\PermissionController.cs:行号 90
****2018/11/2 19:58:08****
###值不能为 null。
参数名: s
###mscorlib
###Void .ctor(System.String)
###   在 System.IO.StringReader..ctor(String s)
   在 Newtonsoft.Json.Linq.JObject.Parse(String json)
   在 ApplicationPlatform.Site.Controllers.PermissionController.Save() 位置 d:\项目方案\ApplicationPlatform\ApplicationPlatform.Site\ApplicationPlatform.Site\Controllers\PermissionController.cs:行号 90
****2018/11/2 19:58:11****
###值不能为 null。
参数名: s
###mscorlib
###Void .ctor(System.String)
###   在 System.IO.StringReader..ctor(String s)
   在 Newtonsoft.Json.Linq.JObject.Parse(String json)
   在 ApplicationPlatform.Site.Controllers.PermissionController.Save() 位置 d:\项目方案\ApplicationPlatform\ApplicationPlatform.Site\ApplicationPlatform.Site\Controllers\PermissionController.cs:行号 90
****2018/11/2 19:58:14****
###值不能为 null。
参数名: s
###mscorlib
###Void .ctor(System.String)
###   在 System.IO.StringReader..ctor(String s)
   在 Newtonsoft.Json.Linq.JObject.Parse(String json)
   在 ApplicationPlatform.Site.Controllers.PermissionController.Save() 位置 d:\项目方案\ApplicationPlatform\ApplicationPlatform.Site\ApplicationPlatform.Site\Controllers\PermissionController.cs:行号 90
****2018/11/2 19:59:43****
###值不能为 null。
参数名: s
###mscorlib
###Void .ctor(System.String)
###   在 System.IO.StringReader..ctor(String s)
   在 Newtonsoft.Json.Linq.JObject.Parse(String json)
   在 ApplicationPlatform.Site.Controllers.PermissionController.Save() 位置 d:\项目方案\ApplicationPlatform\ApplicationPlatform.Site\ApplicationPlatform.Site\Controllers\PermissionController.cs:行号 90
****2018/11/2 19:59:45****
###值不能为 null。
参数名: s
###mscorlib
###Void .ctor(System.String)
###   在 System.IO.StringReader..ctor(String s)
   在 Newtonsoft.Json.Linq.JObject.Parse(String json)
   在 ApplicationPlatform.Site.Controllers.PermissionController.Save() 位置 d:\项目方案\ApplicationPlatform\ApplicationPlatform.Site\ApplicationPlatform.Site\Controllers\PermissionController.cs:行号 90
****2018/11/2 20:01:20****
###未将对象引用设置到对象的实例。
###ApplicationPlatform.Site
###System.Web.Mvc.JsonResult Save(Int32)
###   在 ApplicationPlatform.Site.Controllers.PermissionController.Save(Int32 _userInfoId) 位置 d:\项目方案\ApplicationPlatform\ApplicationPlatform.Site\ApplicationPlatform.Site\Controllers\PermissionController.cs:行号 94
****2018/11/2 20:01:41****
###未将对象引用设置到对象的实例。
###ApplicationPlatform.Site
###System.Web.Mvc.JsonResult Save(Int32)
###   在 ApplicationPlatform.Site.Controllers.PermissionController.Save(Int32 _userInfoId) 位置 d:\项目方案\ApplicationPlatform\ApplicationPlatform.Site\ApplicationPlatform.Site\Controllers\PermissionController.cs:行号 94
